This is pdfTeX, Version 3.14159265-2.6-1.40.20 (TeX Live 2019/Debian) (preloaded format=pdflatex 2021.5.2)  12 JUN 2021 17:24
entering extended mode
 restricted \write18 enabled.
 %&-line parsing enabled.
**cp2021tbibtex cp2021t.aux
(./makeindex
LaTeX2e <2020-02-02> patch level 2
L3 programming layer <2020-02-14>)

! LaTeX Error: Missing \begin{document}.

See the LaTeX manual or LaTeX Companion for explanation.
Type  H <return>  for immediate help.
 ...                                              
                                                  
<*> cp2021tbibtex c
                   p2021t.aux
? lhs2TeX cp2021t.lhs > cp2021t.tex
Type <return> to proceed, S to scroll future error messages,
R to run without stopping, Q to run quietly,
I to insert something, 
1 or ... or 9 to ignore the next 1 to 9 tokens of input,
H for help, X to quit.
? pdflatex cp2021tX
Type <return> to proceed, S to scroll future error messages,
R to run without stopping, Q to run quietly,
I to insert something, 
1 or ... or 9 to ignore the next 1 to 9 tokens of input,
H for help, X to quit.
? X
 
Here is how much of TeX's memory you used:
 17 strings out of 483107
 526 string characters out of 5964631
 231847 words of memory out of 5000000
 15142 multiletter control sequences out of 15000+600000
 532338 words of font info for 24 fonts, out of 8000000 for 9000
 59 hyphenation exceptions out of 8191
 12i,0n,15p,61b,14s stack positions out of 5000i,500n,10000p,200000b,80000s
No pages of output.
PDF statistics:
 0 PDF objects out of 1000 (max. 8388607)
 0 named destinations out of 1000 (max. 500000)
 1 words of extra memory for PDF output out of 10000 (max. 10000000)

